<?xml version="1.0" encoding="UTF-8"?>
<!-- Generated by org.testng.reporters.JUnitReportReporter -->
<testsuite hostname="Amols-MacBook-Pro.local" failures="2" tests="4" name="cucumberOptions.TestNGTestRunner" time="30.929" errors="0" timestamp="2023-03-28T18:47:37 IST" skipped="0">
  <testcase classname="cucumberOptions.TestNGTestRunner" name="runScenario" time="6.676"/>
  <system-out/>
  <testcase classname="cucumberOptions.TestNGTestRunner" name="runScenario" time="9.610">
    <failure message="expected [My Account] but found [Account Login]" type="java.lang.AssertionError">
      <![CDATA[java.lang.AssertionError: expected [My Account] but found [Account Login]
at org.testng.Assert.fail(Assert.java:110)
at org.testng.Assert.failNotEquals(Assert.java:1577)
at org.testng.Assert.assertEqualsImpl(Assert.java:149)
at org.testng.Assert.assertEquals(Assert.java:131)
at org.testng.Assert.assertEquals(Assert.java:655)
at org.testng.Assert.assertEquals(Assert.java:665)
at stepsInOneShot.StepFile.logged_in_sucessfully(StepFile.java:106)
at ✽.logged in sucessfully(file:///Users/amoljadhav/eclipse-workspace/CucumberDemo/src/test/java/features/Login.feature:11)
]]>
    </failure>
  </testcase> <!-- runScenario -->
  <system-out/>
  <testcase classname="cucumberOptions.TestNGTestRunner" name="runScenario" time="6.935">
    <failure message="expected [Your Account Has Been Created!] but found [Register Account]" type="java.lang.AssertionError">
      <![CDATA[java.lang.AssertionError: expected [Your Account Has Been Created!] but found [Register Account]
at org.testng.Assert.fail(Assert.java:110)
at org.testng.Assert.failNotEquals(Assert.java:1577)
at org.testng.Assert.assertEqualsImpl(Assert.java:149)
at org.testng.Assert.assertEquals(Assert.java:131)
at org.testng.Assert.assertEquals(Assert.java:655)
at org.testng.Assert.assertEquals(Assert.java:665)
at stepsInOneShot.StepFile.account_created_successfully_and_shows(StepFile.java:82)
at ✽.account created successfully and shows "Your Account Has Been Created!"(file:///Users/amoljadhav/eclipse-workspace/CucumberDemo/src/test/java/features/Register.feature:11)
]]>
    </failure>
  </testcase> <!-- runScenario -->
  <system-out/>
  <testcase classname="cucumberOptions.TestNGTestRunner" name="runScenario" time="7.708"/>
  <system-out/>
</testsuite> <!-- cucumberOptions.TestNGTestRunner -->
